#
# There is insufficient memory for the Java Runtime Environment to continue.
# Native memory allocation (mmap) failed to map 84934656 bytes for committing reserved memory.
# Possible reasons:
#   The system is out of physical RAM or swap space
#   In 32 bit mode, the process size limit was hit
# Possible solutions:
#   Reduce memory load on the system
#   Increase physical memory or swap space
#   Check if swap backing store is full
#   Use 64 bit Java on a 64 bit OS
#   Decrease Java heap size (-Xmx/-Xms)
#   Decrease number of Java threads
#   Decrease Java thread stack sizes (-Xss)
#   Set larger code cache with -XX:ReservedCodeCacheSize=
# This output file may be truncated or incomplete.
#
#  Out of Memory Error (os_linux.cpp:2627), pid=4006, tid=0x00007f4fdeafa700
#
# JRE version: OpenJDK Runtime Environment (8.0_112-b15) (build 1.8.0_112-b15)
# Java VM: OpenJDK 64-Bit Server VM (25.112-b15 mixed mode linux-amd64 compressed oops)
# Core dump written. Default location: /home/mario/reps/ProjetoTCC/app/core or core.4006
#

---------------  T H R E A D  ---------------

Current thread (0x00007f4ff0076000):  VMThread [stack: 0x00007f4fde9fa000,0x00007f4fdeafb000] [id=4015]

Stack: [0x00007f4fde9fa000,0x00007f4fdeafb000],  sp=0x00007f4fdeaf9550,  free space=1021k
Native frames: (J=compiled Java code, j=interpreted, Vv=VM code, C=native code)
V  [libjvm.so+0xa2cb3b]
V  [libjvm.so+0x4b2057]
V  [libjvm.so+0x885d40]
V  [libjvm.so+0x880a7f]
V  [libjvm.so+0x8f84fe]
V  [libjvm.so+0x8e816b]
V  [libjvm.so+0x8e833b]
V  [libjvm.so+0x8e8c86]
V  [libjvm.so+0x8eebde]
V  [libjvm.so+0x8f63ed]
V  [libjvm.so+0x8a90d3]
V  [libjvm.so+0xa2e5a3]
V  [libjvm.so+0xa334a7]
V  [libjvm.so+0xa30e17]
V  [libjvm.so+0xa3211e]
V  [libjvm.so+0xa32612]
V  [libjvm.so+0x883612]

VM_Operation (0x00007f4fddc52f40): ParallelGCFailedAllocation, mode: safepoint, requested by thread 0x00007f4ff0175800


---------------  P R O C E S S  ---------------

Java Threads: ( => current thread )
  0x00007f4ff0175800 JavaThread "pool-2-thread-4" [_thread_blocked, id=4034, stack(0x00007f4fddb54000,0x00007f4fddc55000)]
  0x00007f4ff0173800 JavaThread "pool-2-thread-3" [_thread_blocked, id=4030, stack(0x00007f4fddc55000,0x00007f4fddd56000)]
  0x00007f4ff0172000 JavaThread "pool-2-thread-2" [_thread_blocked, id=4029, stack(0x00007f4fddd56000,0x00007f4fdde57000)]
  0x00007f4ff016b000 JavaThread "pool-3-thread-1" [_thread_blocked, id=4027, stack(0x00007f4fdde57000,0x00007f4fddf58000)]
  0x00007f4ff0169800 JavaThread "pool-2-thread-1" [_thread_blocked, id=4025, stack(0x00007f4fddf58000,0x00007f4fde059000)]
  0x00007f4ff00bf000 JavaThread "Service Thread" daemon [_thread_blocked, id=4022, stack(0x00007f4fde15a000,0x00007f4fde25b000)]
  0x00007f4ff00bc000 JavaThread "C1 CompilerThread2" daemon [_thread_blocked, id=4021, stack(0x00007f4fde25b000,0x00007f4fde35c000)]
  0x00007f4ff00ba000 JavaThread "C2 CompilerThread1" daemon [_thread_blocked, id=4020, stack(0x00007f4fde35c000,0x00007f4fde45d000)]
  0x00007f4ff00b7800 JavaThread "C2 CompilerThread0" daemon [_thread_blocked, id=4019, stack(0x00007f4fde45d000,0x00007f4fde55e000)]
  0x00007f4ff00b6000 JavaThread "Signal Dispatcher" daemon [_thread_blocked, id=4018, stack(0x00007f4fde55e000,0x00007f4fde65f000)]
  0x00007f4ff0082000 JavaThread "Finalizer" daemon [_thread_blocked, id=4017, stack(0x00007f4fde7f8000,0x00007f4fde8f9000)]
  0x00007f4ff007d800 JavaThread "Reference Handler" daemon [_thread_blocked, id=4016, stack(0x00007f4fde8f9000,0x00007f4fde9fa000)]
  0x00007f4ff0008800 JavaThread "main" [_thread_blocked, id=4007, stack(0x00007f4ff8c23000,0x00007f4ff8d24000)]

Other Threads:
=>0x00007f4ff0076000 VMThread [stack: 0x00007f4fde9fa000,0x00007f4fdeafb000] [id=4015]
  0x00007f4ff00c1800 WatcherThread [stack: 0x00007f4fde059000,0x00007f4fde15a000] [id=4023]

VM state:at safepoint (normal execution)

VM Mutex/Monitor currently owned by a thread:  ([mutex/lock_event])
[0x00007f4ff0005e30] ExpandHeap_lock - owner thread: 0x00007f4ff0076000
[0x00007f4ff00064b0] Threads_lock - owner thread: 0x00007f4ff0076000
[0x00007f4ff00069b0] Heap_lock - owner thread: 0x00007f4ff0175800

Heap:
 PSYoungGen      total 272384K, used 28316K [0x00000000eab00000, 0x0000000100000000, 0x0000000100000000)
  eden space 212480K, 0% used [0x00000000eab00000,0x00000000eab00000,0x00000000f7a80000)
  from space 59904K, 47% used [0x00000000f7a80000,0x00000000f9627130,0x00000000fb500000)
  to   space 65024K, 0% used [0x00000000fc080000,0x00000000fc080000,0x0000000100000000)
 ParOldGen       total 135168K, used 135049K [0x00000000c0000000, 0x00000000c8400000, 0x00000000eab00000)
  object space 135168K, 99% used [0x00000000c0000000,0x00000000c83e2580,0x00000000c8400000)
 Metaspace       used 6529K, capacity 7256K, committed 7424K, reserved 1056768K
  class space    used 608K, capacity 656K, committed 768K, reserved 1048576K

Card table byte_map: [0x00007f4ff5d16000,0x00007f4ff5f17000] byte_map_base: 0x00007f4ff5716000

Marking Bits: (ParMarkBitMap*) 0x00007f4ff7f36260
 Begin Bits: [0x00007f4fdf000000, 0x00007f4fe0000000)
 End Bits:   [0x00007f4fe0000000, 0x00007f4fe1000000)

Polling page: 0x00007f4ff8d55000

CodeCache: size=245760Kb used=9465Kb max_used=9465Kb free=236294Kb
 bounds [0x00007f4fe1000000, 0x00007f4fe1950000, 0x00007f4ff0000000]
 total_blobs=2489 nmethods=2221 adapters=182
 compilation: enabled

Compilation events (10 events):
Event: 18,520 Thread 0x00007f4ff00bc000 2518       2       com.android.dx.dex.code.OutputFinisher::updateInfo (44 bytes)
Event: 18,521 Thread 0x00007f4ff00bc000 nmethod 2518 0x00007f4fe193e810 code [0x00007f4fe193e980, 0x00007f4fe193eb48]
Event: 18,552 Thread 0x00007f4ff00bc000 2520       2       com.android.dx.cf.code.Ropper::labelToBlock (52 bytes)
Event: 18,553 Thread 0x00007f4ff00bc000 nmethod 2520 0x00007f4fe193ec50 code [0x00007f4fe193ee40, 0x00007f4fe193f3d8]
Event: 18,617 Thread 0x00007f4ff00bc000 2521 %     3       com.android.dx.cf.iface.StdAttributeList::findNext @ 47 (85 bytes)
Event: 18,618 Thread 0x00007f4ff00bc000 nmethod 2521% 0x00007f4fe193f890 code [0x00007f4fe193fa80, 0x00007f4fe1940708]
Event: 18,618 Thread 0x00007f4ff00bc000 2522       3       com.android.dx.cf.iface.StdAttributeList::findNext (85 bytes)
Event: 18,619 Thread 0x00007f4ff00bc000 nmethod 2522 0x00007f4fe1940b10 code [0x00007f4fe1940d00, 0x00007f4fe19418e8]
Event: 18,709 Thread 0x00007f4ff00bc000 2523 %     3       com.android.dx.rop.code.InsnList::contentEquals @ 23 (54 bytes)
Event: 18,710 Thread 0x00007f4ff00bc000 nmethod 2523% 0x00007f4fe1941cd0 code [0x00007f4fe1941ec0, 0x00007f4fe19429c8]

GC Heap History (10 events):
Event: 11,946 GC heap after
Heap after GC invocations=13 (full 1):
 PSYoungGen      total 229888K, used 35453K [0x00000000eab00000, 0x00000000fe600000, 0x0000000100000000)
  eden space 192000K, 0% used [0x00000000eab00000,0x00000000eab00000,0x00000000f6680000)
  from space 37888K, 93% used [0x00000000f9100000,0x00000000fb39f508,0x00000000fb600000)
  to   space 43520K, 0% used [0x00000000f6680000,0x00000000f6680000,0x00000000f9100000)
 ParOldGen       total 78336K, used 65247K [0x00000000c0000000, 0x00000000c4c80000, 0x00000000eab00000)
  object space 78336K, 83% used [0x00000000c0000000,0x00000000c3fb7ed0,0x00000000c4c80000)
 Metaspace       used 6426K, capacity 7192K, committed 7424K, reserved 1056768K
  class space    used 606K, capacity 656K, committed 768K, reserved 1048576K
}
Event: 11,946 GC heap before
{Heap before GC invocations=14 (full 2):
 PSYoungGen      total 229888K, used 35453K [0x00000000eab00000, 0x00000000fe600000, 0x0000000100000000)
  eden space 192000K, 0% used [0x00000000eab00000,0x00000000eab00000,0x00000000f6680000)
  from space 37888K, 93% used [0x00000000f9100000,0x00000000fb39f508,0x00000000fb600000)
  to   space 43520K, 0% used [0x00000000f6680000,0x00000000f6680000,0x00000000f9100000)
 ParOldGen       total 78336K, used 65247K [0x00000000c0000000, 0x00000000c4c80000, 0x00000000eab00000)
  object space 78336K, 83% used [0x00000000c0000000,0x00000000c3fb7ed0,0x00000000c4c80000)
 Metaspace       used 6426K, capacity 7192K, committed 7424K, reserved 1056768K
  class space    used 606K, capacity 656K, committed 768K, reserved 1048576K
Event: 14,366 GC heap after
Heap after GC invocations=14 (full 2):
 PSYoungGen      total 229888K, used 11664K [0x00000000eab00000, 0x00000000fe600000, 0x0000000100000000)
  eden space 192000K, 0% used [0x00000000eab00000,0x00000000eab00000,0x00000000f6680000)
  from space 37888K, 30% used [0x00000000f9100000,0x00000000f9c643f8,0x00000000fb600000)
  to   space 43520K, 0% used [0x00000000f6680000,0x00000000f6680000,0x00000000f9100000)
 ParOldGen       total 135168K, used 78272K [0x00000000c0000000, 0x00000000c8400000, 0x00000000eab00000)
  object space 135168K, 57% used [0x00000000c0000000,0x00000000c4c70240,0x00000000c8400000)
 Metaspace       used 6426K, capacity 7192K, committed 7424K, reserved 1056768K
  class space    used 606K, capacity 656K, committed 768K, reserved 1048576K
}
Event: 15,850 GC heap before
{Heap before GC invocations=15 (full 2):
 PSYoungGen      total 229888K, used 203664K [0x00000000eab00000, 0x00000000fe600000, 0x0000000100000000)
  eden space 192000K, 100% used [0x00000000eab00000,0x00000000f6680000,0x00000000f6680000)
  from space 37888K, 30% used [0x00000000f9100000,0x00000000f9c643f8,0x00000000fb600000)
  to   space 43520K, 0% used [0x00000000f6680000,0x00000000f6680000,0x00000000f9100000)
 ParOldGen       total 135168K, used 78272K [0x00000000c0000000, 0x00000000c8400000, 0x00000000eab00000)
  object space 135168K, 57% used [0x00000000c0000000,0x00000000c4c70240,0x00000000c8400000)
 Metaspace       used 6484K, capacity 7192K, committed 7424K, reserved 1056768K
  class space    used 606K, capacity 656K, committed 768K, reserved 1048576K
Event: 16,075 GC heap after
Heap after GC invocations=15 (full 2):
 PSYoungGen      total 235520K, used 36202K [0x00000000eab00000, 0x00000000fe400000, 0x0000000100000000)
  eden space 192000K, 0% used [0x00000000eab00000,0x00000000eab00000,0x00000000f6680000)
  from space 43520K, 83% used [0x00000000f6680000,0x00000000f89dab28,0x00000000f9100000)
  to   space 48128K, 0% used [0x00000000fb500000,0x00000000fb500000,0x00000000fe400000)
 ParOldGen       total 135168K, used 81187K [0x00000000c0000000, 0x00000000c8400000, 0x00000000eab00000)
  object space 135168K, 60% used [0x00000000c0000000,0x00000000c4f48e40,0x00000000c8400000)
 Metaspace       used 6484K, capacity 7192K, committed 7424K, reserved 1056768K
  class space    used 606K, capacity 656K, committed 768K, reserved 1048576K
}
Event: 17,200 GC heap before
{Heap before GC invocations=16 (full 2):
 PSYoungGen      total 235520K, used 228202K [0x00000000eab00000, 0x00000000fe400000, 0x0000000100000000)
  eden space 192000K, 100% used [0x00000000eab00000,0x00000000f6680000,0x00000000f6680000)
  from space 43520K, 83% used [0x00000000f6680000,0x00000000f89dab28,0x00000000f9100000)
  to   space 48128K, 0% used [0x00000000fb500000,0x00000000fb500000,0x00000000fe400000)
 ParOldGen       total 135168K, used 81187K [0x00000000c0000000, 0x00000000c8400000, 0x00000000eab00000)
  object space 135168K, 60% used [0x00000000c0000000,0x00000000c4f48e40,0x00000000c8400000)
 Metaspace       used 6506K, capacity 7192K, committed 7424K, reserved 1056768K
  class space    used 606K, capacity 656K, committed 768K, reserved 1048576K
Event: 17,497 GC heap after
Heap after GC invocations=16 (full 2):
 PSYoungGen      total 260608K, used 48103K [0x00000000eab00000, 0x0000000100000000, 0x0000000100000000)
  eden space 212480K, 0% used [0x00000000eab00000,0x00000000eab00000,0x00000000f7a80000)
  from space 48128K, 99% used [0x00000000fb500000,0x00000000fe3f9e38,0x00000000fe400000)
  to   space 59904K, 0% used [0x00000000f7a80000,0x00000000f7a80000,0x00000000fb500000)
 ParOldGen       total 135168K, used 90744K [0x00000000c0000000, 0x00000000c8400000, 0x00000000eab00000)
  object space 135168K, 67% used [0x00000000c0000000,0x00000000c589e320,0x00000000c8400000)
 Metaspace       used 6506K, capacity 7192K, committed 7424K, reserved 1056768K
  class space    used 606K, capacity 656K, committed 768K, reserved 1048576K
}
Event: 18,750 GC heap before
{Heap before GC invocations=17 (full 2):
 PSYoungGen      total 260608K, used 260583K [0x00000000eab00000, 0x0000000100000000, 0x0000000100000000)
  eden space 212480K, 100% used [0x00000000eab00000,0x00000000f7a80000,0x00000000f7a80000)
  from space 48128K, 99% used [0x00000000fb500000,0x00000000fe3f9e38,0x00000000fe400000)
  to   space 59904K, 0% used [0x00000000f7a80000,0x00000000f7a80000,0x00000000fb500000)
 ParOldGen       total 135168K, used 90744K [0x00000000c0000000, 0x00000000c8400000, 0x00000000eab00000)
  object space 135168K, 67% used [0x00000000c0000000,0x00000000c589e320,0x00000000c8400000)
 Metaspace       used 6529K, capacity 7256K, committed 7424K, reserved 1056768K
  class space    used 608K, capacity 656K, committed 768K, reserved 1048576K
Event: 18,942 GC heap after
Heap after GC invocations=17 (full 2):
 PSYoungGen      total 272384K, used 45581K [0x00000000eab00000, 0x0000000100000000, 0x0000000100000000)
  eden space 212480K, 0% used [0x00000000eab00000,0x00000000eab00000,0x00000000f7a80000)
  from space 59904K, 76% used [0x00000000f7a80000,0x00000000fa703710,0x00000000fb500000)
  to   space 65024K, 0% used [0x00000000fc080000,0x00000000fc080000,0x0000000100000000)
 ParOldGen       total 135168K, used 121903K [0x00000000c0000000, 0x00000000c8400000, 0x00000000eab00000)
  object space 135168K, 90% used [0x00000000c0000000,0x00000000c770be20,0x00000000c8400000)
 Metaspace       used 6529K, capacity 7256K, committed 7424K, reserved 1056768K
  class space    used 608K, capacity 656K, committed 768K, reserved 1048576K
}
Event: 18,942 GC heap before
{Heap before GC invocations=18 (full 3):
 PSYoungGen      total 272384K, used 45581K [0x00000000eab00000, 0x0000000100000000, 0x0000000100000000)
  eden space 212480K, 0% used [0x00000000eab00000,0x00000000eab00000,0x00000000f7a80000)
  from space 59904K, 76% used [0x00000000f7a80000,0x00000000fa703710,0x00000000fb500000)
  to   space 65024K, 0% used [0x00000000fc080000,0x00000000fc080000,0x0000000100000000)
 ParOldGen       total 135168K, used 121903K [0x00000000c0000000, 0x00000000c8400000, 0x00000000eab00000)
  object space 135168K, 90% used [0x00000000c0000000,0x00000000c770be20,0x00000000c8400000)
 Metaspace       used 6529K, capacity 7256K, committed 7424K, reserved 1056768K
  class space    used 608K, capacity 656K, committed 768K, reserved 1048576K

Deoptimization events (10 events):
Event: 9,503 Thread 0x00007f4ff0175800 Uncommon trap: reason=class_check action=maybe_recompile pc=0x00007f4fe173d85c method=com.android.dx.ssa.SCCP.setLatticeValueTo(IILcom/android/dx/rop/cst/Constant;)Z @ 43
Event: 9,508 Thread 0x00007f4ff0173800 Uncommon trap: reason=class_check action=maybe_recompile pc=0x00007f4fe173d85c method=com.android.dx.ssa.SCCP.setLatticeValueTo(IILcom/android/dx/rop/cst/Constant;)Z @ 43
Event: 10,177 Thread 0x00007f4ff0169800 Uncommon trap: reason=unstable_if action=reinterpret pc=0x00007f4fe1773410 method=com.android.dx.ssa.LocalVariableExtractor.processBlock(I)V @ 251
Event: 11,150 Thread 0x00007f4ff0175800 Uncommon trap: reason=bimorphic action=maybe_recompile pc=0x00007f4fe17e775c method=com.android.dx.cf.code.BytecodeArray.parseInstruction(ILcom/android/dx/cf/code/BytecodeArray$Visitor;)I @ 971
Event: 11,150 Thread 0x00007f4ff0175800 Uncommon trap: reason=bimorphic action=maybe_recompile pc=0x00007f4fe17e775c method=com.android.dx.cf.code.BytecodeArray.parseInstruction(ILcom/android/dx/cf/code/BytecodeArray$Visitor;)I @ 971
Event: 11,482 Thread 0x00007f4ff0172000 Uncommon trap: reason=class_check action=maybe_recompile pc=0x00007f4fe15a3bd4 method=com.android.dx.ssa.SCCP.setLatticeValueTo(IILcom/android/dx/rop/cst/Constant;)Z @ 43
Event: 18,095 Thread 0x00007f4ff0175800 Uncommon trap: reason=bimorphic action=maybe_recompile pc=0x00007f4fe188542c method=com.android.dx.cf.code.BytecodeArray.parseInstruction(ILcom/android/dx/cf/code/BytecodeArray$Visitor;)I @ 1327
Event: 18,095 Thread 0x00007f4ff0175800 Uncommon trap: reason=bimorphic action=maybe_recompile pc=0x00007f4fe188542c method=com.android.dx.cf.code.BytecodeArray.parseInstruction(ILcom/android/dx/cf/code/BytecodeArray$Visitor;)I @ 1327
Event: 18,100 Thread 0x00007f4ff0173800 Uncommon trap: reason=unstable_if action=reinterpret pc=0x00007f4fe190f3f0 method=com.android.dx.rop.code.RegisterSpec.intersect(Lcom/android/dx/rop/code/RegisterSpec;Z)Lcom/android/dx/rop/code/RegisterSpec; @ 42
Event: 18,517 Thread 0x00007f4ff0173800 Uncommon trap: reason=unstable_if action=reinterpret pc=0x00007f4fe13c7c50 method=com.android.dx.dex.code.OutputFinisher.hasLocalInfo(Lcom/android/dx/dex/code/DalvInsn;)Z @ 24

Internal exceptions (6 events):
Event: 0,070 Thread 0x00007f4ff0008800 Exception <a 'java/lang/NoSuchMethodError': Method sun.misc.Unsafe.defineClass(Ljava/lang/String;[BII)Ljava/lang/Class; name or signature does not match> (0x00000000eab07c78) thrown at [/build/java8-openjdk/src/jdk8u-jdk8u112-b15/hotspot/src/share/vm/prim
Event: 0,070 Thread 0x00007f4ff0008800 Exception <a 'java/lang/NoSuchMethodError': Method sun.misc.Unsafe.prefetchRead(Ljava/lang/Object;J)V name or signature does not match> (0x00000000eab07f60) thrown at [/build/java8-openjdk/src/jdk8u-jdk8u112-b15/hotspot/src/share/vm/prims/jni.cpp, line 40
Event: 2,642 Thread 0x00007f4ff0169800 Implicit null exception at 0x00007f4fe12d4e77 to 0x00007f4fe12d7495
Event: 5,288 Thread 0x00007f4ff0169800 Exception <a 'java/lang/ArrayIndexOutOfBoundsException': 18> (0x00000000eda74528) thrown at [/build/java8-openjdk/src/jdk8u-jdk8u112-b15/hotspot/src/share/vm/interpreter/interpreterRuntime.cpp, line 366]
Event: 5,289 Thread 0x00007f4ff0169800 Exception <a 'java/lang/ArrayIndexOutOfBoundsException': 145> (0x00000000eda760a8) thrown at [/build/java8-openjdk/src/jdk8u-jdk8u112-b15/hotspot/src/share/vm/interpreter/interpreterRuntime.cpp, line 366]
Event: 5,289 Thread 0x00007f4ff0169800 Exception <a 'java/lang/ArrayIndexOutOfBoundsException': 40> (0x00000000eda77390) thrown at [/build/java8-openjdk/src/jdk8u-jdk8u112-b15/hotspot/src/share/vm/interpreter/interpreterRuntime.cpp, line 366]

Events (10 events):
Event: 18,586 Thread 0x00007f4ff0169800 DEOPT UNPACKING pc=0x00007f4fe1047373 sp=0x00007f4fde056e50 mode 0
Event: 18,608 Thread 0x00007f4ff0008800 DEOPT PACKING pc=0x00007f4fe1421db4 sp=0x00007f4ff8d21820
Event: 18,608 Thread 0x00007f4ff0008800 DEOPT UNPACKING pc=0x00007f4fe1047373 sp=0x00007f4ff8d215c0 mode 0
Event: 18,615 Thread 0x00007f4ff0008800 DEOPT PACKING pc=0x00007f4fe122dc39 sp=0x00007f4ff8d218a0
Event: 18,615 Thread 0x00007f4ff0008800 DEOPT UNPACKING pc=0x00007f4fe1047373 sp=0x00007f4ff8d215f0 mode 0
Event: 18,622 Thread 0x00007f4ff0173800 DEOPT PACKING pc=0x00007f4fe15e391b sp=0x00007f4fddd542d0
Event: 18,622 Thread 0x00007f4ff0173800 DEOPT UNPACKING pc=0x00007f4fe1047373 sp=0x00007f4fddd54030 mode 0
Event: 18,700 Thread 0x00007f4ff0169800 DEOPT PACKING pc=0x00007f4fe1421db4 sp=0x00007f4fde0570b0
Event: 18,700 Thread 0x00007f4ff0169800 DEOPT UNPACKING pc=0x00007f4fe1047373 sp=0x00007f4fde056e50 mode 0
Event: 18,742 Executing VM operation: ParallelGCFailedAllocation


Dynamic libraries:
00400000-00401000 r-xp 00000000 08:02 265647                             /usr/lib/jvm/java-8-openjdk/jre/bin/java
00600000-00601000 r--p 00000000 08:02 265647                             /usr/lib/jvm/java-8-openjdk/jre/bin/java
00601000-00602000 rw-p 00001000 08:02 265647                             /usr/lib/jvm/java-8-openjdk/jre/bin/java
0246c000-0248d000 rw-p 00000000 00:00 0                                  [heap]
c0000000-c8400000 rw-p 00000000 00:00 0 
cd500000-eab00000 ---p 00000000 00:00 0 
eab00000-100000000 rw-p 00000000 00:00 0 
100000000-1000c0000 rw-p 00000000 00:00 0 
1000c0000-140000000 ---p 00000000 00:00 0 
7f4f90000000-7f4f90023000 rw-p 00000000 00:00 0 
7f4f90023000-7f4f94000000 ---p 00000000 00:00 0 
7f4f98000000-7f4f98037000 rw-p 00000000 00:00 0 
7f4f98037000-7f4f9c000000 ---p 00000000 00:00 0 
7f4f9c000000-7f4f9c022000 rw-p 00000000 00:00 0 
7f4f9c022000-7f4fa0000000 ---p 00000000 00:00 0 
7f4fa0000000-7f4fa002d000 rw-p 00000000 00:00 0 
7f4fa002d000-7f4fa4000000 ---p 00000000 00:00 0 
7f4fa4000000-7f4fa4021000 rw-p 00000000 00:00 0 
7f4fa4021000-7f4fa8000000 ---p 00000000 00:00 0 
7f4fa8000000-7f4fa8021000 rw-p 00000000 00:00 0 
7f4fa8021000-7f4fac000000 ---p 00000000 00:00 0 
7f4fac000000-7f4fac021000 rw-p 00000000 00:00 0 
7f4fac021000-7f4fb0000000 ---p 00000000 00:00 0 
7f4fb0000000-7f4fb0d87000 rw-p 00000000 00:00 0 
7f4fb0d87000-7f4fb4000000 ---p 00000000 00:00 0 
7f4fb4000000-7f4fb49f2000 rw-p 00000000 00:00 0 
7f4fb49f2000-7f4fb8000000 ---p 00000000 00:00 0 
7f4fb8000000-7f4fb8021000 rw-p 00000000 00:00 0 
7f4fb8021000-7f4fbc000000 ---p 00000000 00:00 0 
7f4fbc000000-7f4fbccf9000 rw-p 00000000 00:00 0 
7f4fbccf9000-7f4fc0000000 ---p 00000000 00:00 0 
7f4fc0000000-7f4fc0021000 rw-p 00000000 00:00 0 
7f4fc0021000-7f4fc4000000 ---p 00000000 00:00 0 
7f4fc4000000-7f4fc4021000 rw-p 00000000 00:00 0 
7f4fc4021000-7f4fc8000000 ---p 00000000 00:00 0 
7f4fc8000000-7f4fc8021000 rw-p 00000000 00:00 0 
7f4fc8021000-7f4fcc000000 ---p 00000000 00:00 0 
7f4fcc000000-7f4fcc02f000 rw-p 00000000 00:00 0 
7f4fcc02f000-7f4fd0000000 ---p 00000000 00:00 0 
7f4fd0000000-7f4fd0021000 rw-p 00000000 00:00 0 
7f4fd0021000-7f4fd4000000 ---p 00000000 00:00 0 
7f4fd4000000-7f4fd4021000 rw-p 00000000 00:00 0 
7f4fd4021000-7f4fd8000000 ---p 00000000 00:00 0 
7f4fd8000000-7f4fd8021000 rw-p 00000000 00:00 0 
7f4fd8021000-7f4fdc000000 ---p 00000000 00:00 0 
7f4fddb54000-7f4fddb57000 ---p 00000000 00:00 0 
7f4fddb57000-7f4fddc55000 rw-p 00000000 00:00 0 
7f4fddc55000-7f4fddc58000 ---p 00000000 00:00 0 
7f4fddc58000-7f4fddd56000 rw-p 00000000 00:00 0 
7f4fddd56000-7f4fddd59000 ---p 00000000 00:00 0 
7f4fddd59000-7f4fdde57000 rw-p 00000000 00:00 0 
7f4fdde57000-7f4fdde5a000 ---p 00000000 00:00 0 
7f4fdde5a000-7f4fddf58000 rw-p 00000000 00:00 0 
7f4fddf58000-7f4fddf5b000 ---p 00000000 00:00 0 
7f4fddf5b000-7f4fde059000 rw-p 00000000 00:00 0 
7f4fde059000-7f4fde05a000 ---p 00000000 00:00 0 
7f4fde05a000-7f4fde15a000 rw-p 00000000 00:00 0 
7f4fde15a000-7f4fde15d000 ---p 00000000 00:00 0 
7f4fde15d000-7f4fde25b000 rw-p 00000000 00:00 0 
7f4fde25b000-7f4fde25e000 ---p 00000000 00:00 0 
7f4fde25e000-7f4fde35c000 rw-p 00000000 00:00 0 
7f4fde35c000-7f4fde35f000 ---p 00000000 00:00 0 
7f4fde35f000-7f4fde45d000 rw-p 00000000 00:00 0 
7f4fde45d000-7f4fde460000 ---p 00000000 00:00 0 
7f4fde460000-7f4fde55e000 rw-p 00000000 00:00 0 
7f4fde55e000-7f4fde561000 ---p 00000000 00:00 0 
7f4fde561000-7f4fde65f000 rw-p 00000000 00:00 0 
7f4fde65f000-7f4fde7f8000 r--p 00000000 08:02 1065051                    /usr/lib/locale/locale-archive
7f4fde7f8000-7f4fde7fb000 ---p 00000000 00:00 0 
7f4fde7fb000-7f4fde8f9000 rw-p 00000000 00:00 0 
7f4fde8f9000-7f4fde8fc000 ---p 00000000 00:00 0 
7f4fde8fc000-7f4fde9fa000 rw-p 00000000 00:00 0 
7f4fde9fa000-7f4fde9fb000 ---p 00000000 00:00 0 
7f4fde9fb000-7f4fe1000000 rw-p 00000000 00:00 0 
7f4fe1000000-7f4fe1950000 rwxp 00000000 00:00 0 
7f4fe1950000-7f4ff0000000 ---p 00000000 00:00 0 
7f4ff0000000-7f4ff01e3000 rw-p 00000000 00:00 0 
7f4ff01e3000-7f4ff4000000 ---p 00000000 00:00 0 
7f4ff4063000-7f4ff4072000 r--p 00000000 08:02 132253                     /usr/share/locale/pt_BR/LC_MESSAGES/libc.mo
7f4ff4072000-7f4ff40be000 r--s 00778000 08:03 2229944                    /home/mario/reps/ProjetoTCC/app/libs/wekaSTRIPPED.jar
7f4ff40be000-7f4ff4b78000 rw-p 00000000 00:00 0 
7f4ff4b78000-7f4ff4d46000 r--s 03bf3000 08:02 265672                     /usr/lib/jvm/java-8-openjdk/jre/lib/rt.jar
7f4ff4d46000-7f4ff543c000 rw-p 00000000 00:00 0 
7f4ff543c000-7f4ff55bc000 ---p 00000000 00:00 0 
7f4ff55bc000-7f4ff57bc000 rw-p 00000000 00:00 0 
7f4ff57bc000-7f4ff57bd000 ---p 00000000 00:00 0 
7f4ff57bd000-7f4ff58bd000 rw-p 00000000 00:00 0 
7f4ff58bd000-7f4ff58be000 ---p 00000000 00:00 0 
7f4ff58be000-7f4ff59be000 rw-p 00000000 00:00 0 
7f4ff59be000-7f4ff59bf000 ---p 00000000 00:00 0 
7f4ff59bf000-7f4ff5abf000 rw-p 00000000 00:00 0 
7f4ff5abf000-7f4ff5ac0000 ---p 00000000 00:00 0 
7f4ff5ac0000-7f4ff5c02000 rw-p 00000000 00:00 0 
7f4ff5c02000-7f4ff5d16000 ---p 00000000 00:00 0 
7f4ff5d16000-7f4ff5d58000 rw-p 00000000 00:00 0 
7f4ff5d58000-7f4ff5e6b000 ---p 00000000 00:00 0 
7f4ff5e6b000-7f4ff5f16000 rw-p 00000000 00:00 0 
7f4ff5f16000-7f4ff5f3d000 rw-p 00000000 00:00 0 
7f4ff5f3d000-7f4ff62d7000 ---p 00000000 00:00 0 
7f4ff62d7000-7f4ff62df000 r-xp 00000000 08:02 265707                     /usr/lib/jvm/java-8-openjdk/jre/lib/amd64/libzip.so
7f4ff62df000-7f4ff64de000 ---p 00008000 08:02 265707                     /usr/lib/jvm/java-8-openjdk/jre/lib/amd64/libzip.so
7f4ff64de000-7f4ff64df000 r--p 00007000 08:02 265707                     /usr/lib/jvm/java-8-openjdk/jre/lib/amd64/libzip.so
7f4ff64df000-7f4ff64e0000 rw-p 00008000 08:02 265707                     /usr/lib/jvm/java-8-openjdk/jre/lib/amd64/libzip.so
7f4ff64e0000-7f4ff64ea000 r-xp 00000000 08:02 1051249                    /usr/lib/libnss_files-2.24.so
7f4ff64ea000-7f4ff66ea000 ---p 0000a000 08:02 1051249                    /usr/lib/libnss_files-2.24.so
7f4ff66ea000-7f4ff66eb000 r--p 0000a000 08:02 1051249                    /usr/lib/libnss_files-2.24.so
7f4ff66eb000-7f4ff66ec000 rw-p 0000b000 08:02 1051249                    /usr/lib/libnss_files-2.24.so
7f4ff66ec000-7f4ff66f2000 rw-p 00000000 00:00 0 
7f4ff66f2000-7f4ff671f000 r-xp 00000000 08:02 265686                     /usr/lib/jvm/java-8-openjdk/jre/lib/amd64/libjava.so
7f4ff671f000-7f4ff691e000 ---p 0002d000 08:02 265686                     /usr/lib/jvm/java-8-openjdk/jre/lib/amd64/libjava.so
7f4ff691e000-7f4ff691f000 r--p 0002c000 08:02 265686                     /usr/lib/jvm/java-8-openjdk/jre/lib/amd64/libjava.so
7f4ff691f000-7f4ff6921000 rw-p 0002d000 08:02 265686                     /usr/lib/jvm/java-8-openjdk/jre/lib/amd64/libjava.so
7f4ff6921000-7f4ff692e000 r-xp 00000000 08:02 265706                     /usr/lib/jvm/java-8-openjdk/jre/lib/amd64/libverify.so
7f4ff692e000-7f4ff6b2d000 ---p 0000d000 08:02 265706                     /usr/lib/jvm/java-8-openjdk/jre/lib/amd64/libverify.so
7f4ff6b2d000-7f4ff6b2f000 r--p 0000c000 08:02 265706                     /usr/lib/jvm/java-8-openjdk/jre/lib/amd64/libverify.so
7f4ff6b2f000-7f4ff6b30000 rw-p 0000e000 08:02 265706                     /usr/lib/jvm/java-8-openjdk/jre/lib/amd64/libverify.so
7f4ff6b30000-7f4ff6b37000 r-xp 00000000 08:02 1051301                    /usr/lib/librt-2.24.so
7f4ff6b37000-7f4ff6d36000 ---p 00007000 08:02 1051301                    /usr/lib/librt-2.24.so
7f4ff6d36000-7f4ff6d37000 r--p 00006000 08:02 1051301                    /usr/lib/librt-2.24.so
7f4ff6d37000-7f4ff6d38000 rw-p 00007000 08:02 1051301                    /usr/lib/librt-2.24.so
7f4ff6d38000-7f4ff6e3b000 r-xp 00000000 08:02 1051203                    /usr/lib/libm-2.24.so
7f4ff6e3b000-7f4ff703a000 ---p 00103000 08:02 1051203                    /usr/lib/libm-2.24.so
7f4ff703a000-7f4ff703b000 r--p 00102000 08:02 1051203                    /usr/lib/libm-2.24.so
7f4ff703b000-7f4ff703c000 rw-p 00103000 08:02 1051203                    /usr/lib/libm-2.24.so
7f4ff703c000-7f4ff7c67000 r-xp 00000000 08:02 265710                     /usr/lib/jvm/java-8-openjdk/jre/lib/amd64/server/libjvm.so
7f4ff7c67000-7f4ff7e66000 ---p 00c2b000 08:02 265710                     /usr/lib/jvm/java-8-openjdk/jre/lib/amd64/server/libjvm.so
7f4ff7e66000-7f4ff7efa000 r--p 00c2a000 08:02 265710                     /usr/lib/jvm/java-8-openjdk/jre/lib/amd64/server/libjvm.so
7f4ff7efa000-7f4ff7f23000 rw-p 00cbe000 08:02 265710                     /usr/lib/jvm/java-8-openjdk/jre/lib/amd64/server/libjvm.so
7f4ff7f23000-7f4ff7f53000 rw-p 00000000 00:00 0 
7f4ff7f53000-7f4ff80e8000 r-xp 00000000 08:02 1051075                    /usr/lib/libc-2.24.so
7f4ff80e8000-7f4ff82e7000 ---p 00195000 08:02 1051075                    /usr/lib/libc-2.24.so
7f4ff82e7000-7f4ff82eb000 r--p 00194000 08:02 1051075                    /usr/lib/libc-2.24.so
7f4ff82eb000-7f4ff82ed000 rw-p 00198000 08:02 1051075                    /usr/lib/libc-2.24.so
7f4ff82ed000-7f4ff82f1000 rw-p 00000000 00:00 0 
7f4ff82f1000-7f4ff82f3000 r-xp 00000000 08:02 1051103                    /usr/lib/libdl-2.24.so
7f4ff82f3000-7f4ff84f3000 ---p 00002000 08:02 1051103                    /usr/lib/libdl-2.24.so
7f4ff84f3000-7f4ff84f4000 r--p 00002000 08:02 1051103                    /usr/lib/libdl-2.24.so
7f4ff84f4000-7f4ff84f5000 rw-p 00003000 08:02 1051103                    /usr/lib/libdl-2.24.so
7f4ff84f5000-7f4ff8502000 r-xp 00000000 08:02 265708                     /usr/lib/jvm/java-8-openjdk/jre/lib/amd64/jli/libjli.so
7f4ff8502000-7f4ff8701000 ---p 0000d000 08:02 265708                     /usr/lib/jvm/java-8-openjdk/jre/lib/amd64/jli/libjli.so
7f4ff8701000-7f4ff8702000 r--p 0000c000 08:02 265708                     /usr/lib/jvm/java-8-openjdk/jre/lib/amd64/jli/libjli.so
7f4ff8702000-7f4ff8703000 rw-p 0000d000 08:02 265708                     /usr/lib/jvm/java-8-openjdk/jre/lib/amd64/jli/libjli.so
7f4ff8703000-7f4ff8718000 r-xp 00000000 08:02 1051369                    /usr/lib/libz.so.1.2.8
7f4ff8718000-7f4ff8917000 ---p 00015000 08:02 1051369                    /usr/lib/libz.so.1.2.8
7f4ff8917000-7f4ff8918000 r--p 00014000 08:02 1051369                    /usr/lib/libz.so.1.2.8
7f4ff8918000-7f4ff8919000 rw-p 00015000 08:02 1051369                    /usr/lib/libz.so.1.2.8
7f4ff8919000-7f4ff8931000 r-xp 00000000 08:02 1051286                    /usr/lib/libpthread-2.24.so
7f4ff8931000-7f4ff8b30000 ---p 00018000 08:02 1051286                    /usr/lib/libpthread-2.24.so
7f4ff8b30000-7f4ff8b31000 r--p 00017000 08:02 1051286                    /usr/lib/libpthread-2.24.so
7f4ff8b31000-7f4ff8b32000 rw-p 00018000 08:02 1051286                    /usr/lib/libpthread-2.24.so
7f4ff8b32000-7f4ff8b36000 rw-p 00000000 00:00 0 
7f4ff8b36000-7f4ff8b59000 r-xp 00000000 08:02 1051040                    /usr/lib/ld-2.24.so
7f4ff8b5e000-7f4ff8c23000 rw-p 00000000 00:00 0 
7f4ff8c23000-7f4ff8c26000 ---p 00000000 00:00 0 
7f4ff8c26000-7f4ff8d26000 rw-p 00000000 00:00 0 
7f4ff8d2a000-7f4ff8d38000 r--s 000e0000 08:03 1576945                    /home/mario/Android/Sdk/build-tools/24.0.2/lib/dx.jar
7f4ff8d38000-7f4ff8d4c000 rw-p 00000000 00:00 0 
7f4ff8d4c000-7f4ff8d54000 rw-s 00000000 00:25 50                         /tmp/hsperfdata_mario/4006
7f4ff8d54000-7f4ff8d55000 rw-p 00000000 00:00 0 
7f4ff8d55000-7f4ff8d56000 ---p 00000000 00:00 0 
7f4ff8d56000-7f4ff8d58000 rw-p 00000000 00:00 0 
7f4ff8d58000-7f4ff8d59000 r--p 00022000 08:02 1051040                    /usr/lib/ld-2.24.so
7f4ff8d59000-7f4ff8d5a000 rw-p 00023000 08:02 1051040                    /usr/lib/ld-2.24.so
7f4ff8d5a000-7f4ff8d5b000 rw-p 00000000 00:00 0 
7ffdf06af000-7ffdf06d0000 rw-p 00000000 00:00 0                          [stack]
7ffdf0755000-7ffdf0757000 r--p 00000000 00:00 0                          [vvar]
7ffdf0757000-7ffdf0759000 r-xp 00000000 00:00 0                          [vdso]
ffffffffff600000-ffffffffff601000 r-xp 00000000 00:00 0                  [vsyscall]

VM Arguments:
jvm_args: -Djava.awt.headless=true -Xmx1024M -Dfile.encoding=UTF-8 -Duser.country=BR -Duser.language=pt -Duser.variant 
java_command: com.android.dx.command.Main --dex --force-jumbo --num-threads=4 --multi-dex --output /home/mario/reps/ProjetoTCC/app/build/intermediates/transforms/dex/debug/folders/1000/2/wekaSTRIPPED_e5486a47af62dc23f545dc662083c99020830a4e /home/mario/reps/ProjetoTCC/app/libs/wekaSTRIPPED.jar
java_class_path (initial): /home/mario/Android/Sdk/build-tools/24.0.2/lib/dx.jar
Launcher Type: SUN_STANDARD

Environment Variables:
PATH=/usr/local/sbin:/usr/local/bin:/usr/bin:/usr/lib/jvm/default/bin:/usr/bin/site_perl:/usr/bin/vendor_perl:/usr/bin/core_perl:/home/mario/softwares/android-studio/bin
LD_LIBRARY_PATH=/home/mario/softwares/android-studio/bin:
SHELL=/bin/bash
DISPLAY=:0.0

Signal Handlers:
SIGSEGV: [libjvm.so+0xa2d580], sa_mask[0]=11111111011111111101111111111110, sa_flags=SA_RESTART|SA_SIGINFO
SIGBUS: [libjvm.so+0xa2d580], sa_mask[0]=11111111011111111101111111111110, sa_flags=SA_RESTART|SA_SIGINFO
SIGFPE: [libjvm.so+0x881ab0], sa_mask[0]=11111111011111111101111111111110, sa_flags=SA_RESTART|SA_SIGINFO
SIGPIPE: [libjvm.so+0x881ab0], sa_mask[0]=11111111011111111101111111111110, sa_flags=SA_RESTART|SA_SIGINFO
SIGXFSZ: [libjvm.so+0x881ab0], sa_mask[0]=11111111011111111101111111111110, sa_flags=SA_RESTART|SA_SIGINFO
SIGILL: [libjvm.so+0x881ab0], sa_mask[0]=11111111011111111101111111111110, sa_flags=SA_RESTART|SA_SIGINFO
SIGUSR1: SIG_DFL, sa_mask[0]=00000000000000000000000000000000, sa_flags=none
SIGUSR2: [libjvm.so+0x881980], sa_mask[0]=00100000000000000000000000000000, sa_flags=SA_RESTART|SA_SIGINFO
SIGHUP: [libjvm.so+0x881df0], sa_mask[0]=11111111011111111101111111111110, sa_flags=SA_RESTART|SA_SIGINFO
SIGINT: [libjvm.so+0x881df0], sa_mask[0]=11111111011111111101111111111110, sa_flags=SA_RESTART|SA_SIGINFO
SIGTERM: [libjvm.so+0x881df0], sa_mask[0]=11111111011111111101111111111110, sa_flags=SA_RESTART|SA_SIGINFO
SIGQUIT: [libjvm.so+0x881df0], sa_mask[0]=11111111011111111101111111111110, sa_flags=SA_RESTART|SA_SIGINFO


---------------  S Y S T E M  ---------------

OS:DISTRIB_ID=ManjaroLinux
DISTRIB_RELEASE=16.10
DISTRIB_CODENAME=Fringilla
DISTRIB_DESCRIPTION="Manjaro Linux"

uname:Linux 4.4.28-2-MANJARO #1 SMP PREEMPT Sun Oct 30 10:28:10 UTC 2016 x86_64
libc:glibc 2.24 NPTL 2.24 
rlimit: STACK 8192k, CORE infinity, NPROC 15165, NOFILE 4096, AS infinity
load average:16,28 10,28 4,24

/proc/meminfo:
MemTotal:        3954316 kB
MemFree:          128192 kB
MemAvailable:      70836 kB
Buffers:             976 kB
Cached:           160152 kB
SwapCached:            0 kB
Active:          3542360 kB
Inactive:         126456 kB
Active(anon):    3533636 kB
Inactive(anon):   112212 kB
Active(file):       8724 kB
Inactive(file):    14244 kB
Unevictable:          32 kB
Mlocked:              32 kB
SwapTotal:             0 kB
SwapFree:              0 kB
Dirty:              1568 kB
Writeback:             0 kB
AnonPages:       3508608 kB
Mapped:            89736 kB
Shmem:            137328 kB
Slab:              61128 kB
SReclaimable:      31264 kB
SUnreclaim:        29864 kB
KernelStack:        8704 kB
PageTables:        28996 kB
NFS_Unstable:          0 kB
Bounce:                0 kB
WritebackTmp:          0 kB
CommitLimit:     1977156 kB
Committed_AS:    5473728 kB
VmallocTotal:   34359738367 kB
VmallocUsed:           0 kB
VmallocChunk:          0 kB
HardwareCorrupted:     0 kB
AnonHugePages:   2365440 kB
HugePages_Total:       0
HugePages_Free:        0
HugePages_Rsvd:        0
HugePages_Surp:        0
Hugepagesize:       2048 kB
DirectMap4k:      116192 kB
DirectMap2M:     3981312 kB
DirectMap1G:           0 kB


CPU:total 4 (2 cores per cpu, 2 threads per core) family 6 model 69 stepping 1, cmov, cx8, fxsr, mmx, sse, sse2, sse3, ssse3, sse4.1, sse4.2, popcnt, avx, avx2, aes, clmul, erms, lzcnt, ht, tsc, tscinvbit, bmi1, bmi2

/proc/cpuinfo:
processor	: 0
vendor_id	: GenuineIntel
cpu family	: 6
model		: 69
model name	: Intel(R) Core(TM) i5-4200U CPU @ 1.60GHz
stepping	: 1
microcode	: 0x1f
cpu MHz		: 2300.000
cache size	: 3072 KB
physical id	: 0
siblings	: 4
core id		: 0
cpu cores	: 2
apicid		: 0
initial apicid	: 0
fpu		: yes
fpu_exception	: yes
cpuid level	: 13
wp		: yes
flags		: fpu vme de pse tsc msr pae mce cx8 apic sep mtrr pge mca cmov pat pse36 clflush dts acpi mmx fxsr sse sse2 ss ht tm pbe syscall nx pdpe1gb rdtscp lm constant_tsc arch_perfmon pebs bts rep_good nopl xtopology nonstop_tsc aperfmperf eagerfpu pni pclmulqdq dtes64 monitor ds_cpl vmx est tm2 ssse3 sdbg fma cx16 xtpr pdcm pcid sse4_1 sse4_2 movbe popcnt tsc_deadline_timer aes xsave avx f16c rdrand lahf_lm abm ida arat epb pln pts dtherm tpr_shadow vnmi flexpriority ept vpid fsgsbase tsc_adjust bmi1 avx2 smep bmi2 erms invpcid xsaveopt
bugs		:
bogomips	: 4591.50
clflush size	: 64
cache_alignment	: 64
address sizes	: 39 bits physical, 48 bits virtual
power management:

processor	: 1
vendor_id	: GenuineIntel
cpu family	: 6
model		: 69
model name	: Intel(R) Core(TM) i5-4200U CPU @ 1.60GHz
stepping	: 1
microcode	: 0x1f
cpu MHz		: 2300.000
cache size	: 3072 KB
physical id	: 0
siblings	: 4
core id		: 0
cpu cores	: 2
apicid		: 1
initial apicid	: 1
fpu		: yes
fpu_exception	: yes
cpuid level	: 13
wp		: yes
flags		: fpu vme de pse tsc msr pae mce cx8 apic sep mtrr pge mca cmov pat pse36 clflush dts acpi mmx fxsr sse sse2 ss ht tm pbe syscall nx pdpe1gb rdtscp lm constant_tsc arch_perfmon pebs bts rep_good nopl xtopology nonstop_tsc aperfmperf eagerfpu pni pclmulqdq dtes64 monitor ds_cpl vmx est tm2 ssse3 sdbg fma cx16 xtpr pdcm pcid sse4_1 sse4_2 movbe popcnt tsc_deadline_timer aes xsave avx f16c rdrand lahf_lm abm ida arat epb pln pts dtherm tpr_shadow vnmi flexpriority ept vpid fsgsbase tsc_adjust bmi1 avx2 smep bmi2 erms invpcid xsaveopt
bugs		:
bogomips	: 4591.50
clflush size	: 64
cache_alignment	: 64
address sizes	: 39 bits physical, 48 bits virtual
power management:

processor	: 2
vendor_id	: GenuineIntel
cpu family	: 6
model		: 69
model name	: Intel(R) Core(TM) i5-4200U CPU @ 1.60GHz
stepping	: 1
microcode	: 0x1f
cpu MHz		: 2299.910
cache size	: 3072 KB
physical id	: 0
siblings	: 4
core id		: 1
cpu cores	: 2
apicid		: 2
initial apicid	: 2
fpu		: yes
fpu_exception	: yes
cpuid level	: 13
wp		: yes
flags		: fpu vme de pse tsc msr pae mce cx8 apic sep mtrr pge mca cmov pat pse36 clflush dts acpi mmx fxsr sse sse2 ss ht tm pbe syscall nx pdpe1gb rdtscp lm constant_tsc arch_perfmon pebs bts rep_good nopl xtopology nonstop_tsc aperfmperf eagerfpu pni pclmulqdq dtes64 monitor ds_cpl vmx est tm2 ssse3 sdbg fma cx16 xtpr pdcm pcid sse4_1 sse4_2 movbe popcnt tsc_deadline_timer aes xsave avx f16c rdrand lahf_lm abm ida arat epb pln pts dtherm tpr_shadow vnmi flexpriority ept vpid fsgsbase tsc_adjust bmi1 avx2 smep bmi2 erms invpcid xsaveopt
bugs		:
bogomips	: 4591.50
clflush size	: 64
cache_alignment	: 64
address sizes	: 39 bits physical, 48 bits virtual
power management:

processor	: 3
vendor_id	: GenuineIntel
cpu family	: 6
model		: 69
model name	: Intel(R) Core(TM) i5-4200U CPU @ 1.60GHz
stepping	: 1
microcode	: 0x1f
cpu MHz		: 2299.910
cache size	: 3072 KB
physical id	: 0
siblings	: 4
core id		: 1
cpu cores	: 2
apicid		: 3
initial apicid	: 3
fpu		: yes
fpu_exception	: yes
cpuid level	: 13
wp		: yes
flags		: fpu vme de pse tsc msr pae mce cx8 apic sep mtrr pge mca cmov pat pse36 clflush dts acpi mmx fxsr sse sse2 ss ht tm pbe syscall nx pdpe1gb rdtscp lm constant_tsc arch_perfmon pebs bts rep_good nopl xtopology nonstop_tsc aperfmperf eagerfpu pni pclmulqdq dtes64 monitor ds_cpl vmx est tm2 ssse3 sdbg fma cx16 xtpr pdcm pcid sse4_1 sse4_2 movbe popcnt tsc_deadline_timer aes xsave avx f16c rdrand lahf_lm abm ida arat epb pln pts dtherm tpr_shadow vnmi flexpriority ept vpid fsgsbase tsc_adjust bmi1 avx2 smep bmi2 erms invpcid xsaveopt
bugs		:
bogomips	: 4591.50
clflush size	: 64
cache_alignment	: 64
address sizes	: 39 bits physical, 48 bits virtual
power management:



Memory: 4k page, physical 3954316k(128192k free), swap 0k(0k free)

vm_info: OpenJDK 64-Bit Server VM (25.112-b15) for linux-amd64 JRE (1.8.0_112-b15), built on Oct 23 2016 10:14:19 by "builduser" with gcc 6.2.1 20160830

time: Thu Nov  3 10:13:22 2016
elapsed time: 20 seconds (0d 0h 0m 20s)

